<?xml version="1.0" encoding="UTF-8"?>
<testng-results total="1" passed="1" failed="0" skipped="0">
  <reporter-output>
  </reporter-output>
  <suite started-at="2024-03-07T00:47:20Z" name="Default suite" finished-at="2024-03-07T00:48:28Z" duration-ms="68139">
    <groups>
      <group name="cucumber">
        <method signature="AbstractTestNGCucumberTests.runScenario(io.cucumber.testng.PickleWrapper, io.cucumber.testng.FeatureWrapper)[pri:0, instance:runners.TestRunner@1f75a668]" name="runScenario" class="io.cucumber.testng.AbstractTestNGCucumberTests"/>
      </group> <!-- cucumber -->
    </groups>
    <test started-at="2024-03-07T00:47:20Z" name="Default test" finished-at="2024-03-07T00:48:28Z" duration-ms="68139">
      <class name="runners.TestRunner">
        <test-method is-config="true" signature="setUpClass(org.testng.ITestContext)[pri:0, instance:runners.TestRunner@1f75a668]" started-at="2024-03-06T19:47:20Z" name="setUpClass" finished-at="2024-03-06T19:47:20Z" duration-ms="332" status="PASS">
          <params>
            <param index="0">
              <value>
                <![CDATA[org.testng.TestRunner@77a074b4]]>
              </value>
            </param>
          </params>
          <reporter-output>
          </reporter-output>
        </test-method> <!-- setUpClass -->
        <test-method signature="runScenario(io.cucumber.testng.PickleWrapper, io.cucumber.testng.FeatureWrapper)[pri:0, instance:runners.TestRunner@1f75a668]" started-at="2024-03-06T19:47:20Z" name="runScenario" description="Runs Cucumber Scenarios" data-provider="scenarios" finished-at="2024-03-06T19:48:28Z" duration-ms="67784" status="PASS">
          <params>
            <param index="0">
              <value>
                <![CDATA["perfoem a google job search"]]>
              </value>
            </param>
            <param index="1">
              <value>
                <![CDATA["google Search"]]>
              </value>
            </param>
          </params>
          <reporter-output>
          </reporter-output>
        </test-method> <!-- runScenario -->
        <test-method is-config="true" signature="tearDownClass()[pri:0, instance:runners.TestRunner@1f75a668]" started-at="2024-03-06T19:48:28Z" name="tearDownClass" finished-at="2024-03-06T19:48:28Z" duration-ms="7" status="PASS">
          <reporter-output>
          </reporter-output>
        </test-method> <!-- tearDownClass -->
      </class> <!-- runners.TestRunner -->
    </test> <!-- Default test -->
  </suite> <!-- Default suite -->
</testng-results>
